<?xml version="1.0" encoding="UTF-8"?>
<robot generator="Robot 4.0.2 (Python 3.9.5 on darwin)" generated="20210606 17:01:57.089" rpa="false" schemaversion="2">
<suite id="s1" name="TestSuiteArabic" source="/Users/ahmadamir/PycharmProjects/RobotFrameWorkAutomation/TestCases/TestSuiteArabic.robot">
<test id="s1-t1" name="Arabic Register User Verify Email And Update Ph No">
<kw name="StartTests" library="CommonResources" type="SETUP">
<kw name="launchBrowser" library="CommonResources">
<kw name="Open Browser" library="SeleniumLibrary">
<arg>${url}</arg>
<arg>${browser}</arg>
<doc>Opens a new browser instance to the optional ``url``.</doc>
<msg timestamp="20210606 17:01:57.211" level="INFO">Opening browser 'chrome' to base url 'https://www.ounass.ae/'.</msg>
<status status="PASS" starttime="20210606 17:01:57.211" endtime="20210606 17:02:05.360"/>
</kw>
<kw name="Maximize Browser Window" library="SeleniumLibrary">
<doc>Maximizes current browser window.</doc>
<status status="PASS" starttime="20210606 17:02:05.360" endtime="20210606 17:02:05.587"/>
</kw>
<status status="PASS" starttime="20210606 17:01:57.211" endtime="20210606 17:02:05.587"/>
</kw>
<status status="PASS" starttime="20210606 17:01:57.211" endtime="20210606 17:02:05.587"/>
</kw>
<kw name="dismissDialog" library="CommonResources">
<kw name="Wait Until Element Is Visible" library="SeleniumLibrary">
<arg>${dialogBoxCancel}</arg>
<doc>Waits until the element ``locator`` is visible.</doc>
<status status="PASS" starttime="20210606 17:02:05.587" endtime="20210606 17:02:08.185"/>
</kw>
<kw name="Click Button" library="SeleniumLibrary">
<arg>${dialogBoxCancel}</arg>
<doc>Clicks the button identified by ``locator``.</doc>
<msg timestamp="20210606 17:02:08.186" level="INFO">Clicking button 'id:wzrk-cancel'.</msg>
<status status="PASS" starttime="20210606 17:02:08.185" endtime="20210606 17:02:09.548"/>
</kw>
<status status="PASS" starttime="20210606 17:02:05.587" endtime="20210606 17:02:09.548"/>
</kw>
<kw name="ChangeLanguageToArabic" library="CommonResources">
<kw name="Wait Until Element Is Visible" library="SeleniumLibrary">
<arg>${changeLang}</arg>
<doc>Waits until the element ``locator`` is visible.</doc>
<status status="PASS" starttime="20210606 17:02:09.549" endtime="20210606 17:02:09.853"/>
</kw>
<kw name="Click Link" library="SeleniumLibrary">
<arg>${changeLang}</arg>
<doc>Clicks a link identified by ``locator``.</doc>
<msg timestamp="20210606 17:02:09.854" level="INFO">Clicking link 'link:العربيّة'.</msg>
<status status="PASS" starttime="20210606 17:02:09.853" endtime="20210606 17:02:10.017"/>
</kw>
<status status="PASS" starttime="20210606 17:02:09.549" endtime="20210606 17:02:10.017"/>
</kw>
<kw name="NavigateToRegisterUser" library="CommonResources">
<kw name="Sleep" library="BuiltIn">
<arg>1</arg>
<doc>Pauses the test executed for the given time.</doc>
<msg timestamp="20210606 17:02:11.019" level="INFO">Slept 1 second</msg>
<status status="PASS" starttime="20210606 17:02:10.017" endtime="20210606 17:02:11.019"/>
</kw>
<kw name="Mouse Over" library="SeleniumLibrary">
<arg>${accountNav}</arg>
<doc>Simulates hovering the mouse over the element ``locator``.</doc>
<msg timestamp="20210606 17:02:11.019" level="INFO">Simulating Mouse Over on element 'class:Popup-button'.</msg>
<status status="PASS" starttime="20210606 17:02:11.019" endtime="20210606 17:02:15.038"/>
</kw>
<kw name="Wait Until Element Is Visible" library="SeleniumLibrary">
<arg>${createUser}</arg>
<doc>Waits until the element ``locator`` is visible.</doc>
<status status="PASS" starttime="20210606 17:02:15.038" endtime="20210606 17:02:15.165"/>
</kw>
<kw name="Click Element" library="SeleniumLibrary">
<arg>${createUser}</arg>
<doc>Click the element identified by ``locator``.</doc>
<msg timestamp="20210606 17:02:15.166" level="INFO">Clicking element 'class:CustomerPopup-signUpButton'.</msg>
<status status="PASS" starttime="20210606 17:02:15.165" endtime="20210606 17:02:19.347"/>
</kw>
<kw name="Wait Until Element Is Visible" library="SeleniumLibrary">
<arg>${registerFName}</arg>
<doc>Waits until the element ``locator`` is visible.</doc>
<status status="PASS" starttime="20210606 17:02:19.347" endtime="20210606 17:02:19.368"/>
</kw>
<kw name="Input Text" library="SeleniumLibrary">
<arg>${registerFName}</arg>
<arg>John</arg>
<doc>Types the given ``text`` into the text field identified by ``locator``.</doc>
<msg timestamp="20210606 17:02:19.368" level="INFO">Typing text 'John' into text field 'class:Profile-firstName'.</msg>
<status status="PASS" starttime="20210606 17:02:19.368" endtime="20210606 17:02:19.839"/>
</kw>
<kw name="Input Text" library="SeleniumLibrary">
<arg>${registerLName}</arg>
<arg>Doe</arg>
<doc>Types the given ``text`` into the text field identified by ``locator``.</doc>
<msg timestamp="20210606 17:02:19.840" level="INFO">Typing text 'Doe' into text field 'class:Profile-lastName'.</msg>
<status status="PASS" starttime="20210606 17:02:19.839" endtime="20210606 17:02:19.927"/>
</kw>
<kw name="Generate Random String" library="String">
<var>${emailSubstring}</var>
<arg>4</arg>
<arg>[LETTERS][NUMBERS]</arg>
<doc>Generates a string with a desired ``length`` from the given ``chars``.</doc>
<msg timestamp="20210606 17:02:19.927" level="INFO">${emailSubstring} = 6YI4</msg>
<status status="PASS" starttime="20210606 17:02:19.927" endtime="20210606 17:02:19.927"/>
</kw>
<kw name="Catenate" library="BuiltIn">
<var>${emailGenerated}</var>
<arg>SEPARATOR=</arg>
<arg>${emailSubstring}</arg>
<arg>${emailSubstring1}</arg>
<doc>Catenates the given items together and returns the resulted string.</doc>
<msg timestamp="20210606 17:02:19.928" level="INFO">${emailGenerated} = 6YI4@gmail.com</msg>
<status status="PASS" starttime="20210606 17:02:19.927" endtime="20210606 17:02:19.928"/>
</kw>
<kw name="Log To Console" library="BuiltIn">
<arg>${emailGenerated}</arg>
<doc>Logs the given message to the console.</doc>
<status status="PASS" starttime="20210606 17:02:19.928" endtime="20210606 17:02:19.928"/>
</kw>
<kw name="Input Text" library="SeleniumLibrary">
<arg>${registerEmail}</arg>
<arg>${emailGenerated}</arg>
<doc>Types the given ``text`` into the text field identified by ``locator``.</doc>
<msg timestamp="20210606 17:02:19.928" level="INFO">Typing text '6YI4@gmail.com' into text field 'class:Profile-email'.</msg>
<status status="PASS" starttime="20210606 17:02:19.928" endtime="20210606 17:02:20.038"/>
</kw>
<kw name="Input Text" library="SeleniumLibrary">
<arg>${registerPwd}</arg>
<arg>123456789</arg>
<doc>Types the given ``text`` into the text field identified by ``locator``.</doc>
<msg timestamp="20210606 17:02:20.039" level="INFO">Typing text '123456789' into text field 'name:password'.</msg>
<status status="PASS" starttime="20210606 17:02:20.038" endtime="20210606 17:02:20.319"/>
</kw>
<kw name="Click Button" library="SeleniumLibrary">
<arg>${registerSubmit}</arg>
<doc>Clicks the button identified by ``locator``.</doc>
<msg timestamp="20210606 17:02:20.320" level="INFO">Clicking button 'class:Profile-signUpButton'.</msg>
<status status="PASS" starttime="20210606 17:02:20.319" endtime="20210606 17:02:20.820"/>
</kw>
<kw name="Wait Until Element Is Visible" library="SeleniumLibrary">
<arg>${Wait}</arg>
<doc>Waits until the element ``locator`` is visible.</doc>
<status status="PASS" starttime="20210606 17:02:20.820" endtime="20210606 17:02:27.111"/>
</kw>
<status status="PASS" starttime="20210606 17:02:10.017" endtime="20210606 17:02:27.111"/>
</kw>
<kw name="VerifyEmailAndAddPhNoArabic" library="CommonResources">
<kw name="Run Keyword And Return Status" library="BuiltIn">
<var>${status}</var>
<arg>element should be visible</arg>
<arg>${dialogBoxCancel}</arg>
<doc>Runs the given keyword with given arguments and returns the status as a Boolean value.</doc>
<kw name="Element Should Be Visible" library="SeleniumLibrary">
<arg>${dialogBoxCancel}</arg>
<doc>Verifies that the element identified by ``locator`` is visible.</doc>
<kw name="Capture Page Screenshot" library="SeleniumLibrary">
<doc>Takes a screenshot of the current page and embeds it into a log file.</doc>
<msg timestamp="20210606 17:02:28.046" level="INFO" html="true">&lt;/td&gt;&lt;/tr&gt;&lt;tr&gt;&lt;td colspan="3"&gt;&lt;a href="selenium-screenshot-7.png"&gt;&lt;img src="selenium-screenshot-7.png" width="800px"&gt;&lt;/a&gt;</msg>
<status status="PASS" starttime="20210606 17:02:27.118" endtime="20210606 17:02:28.046"/>
</kw>
<msg timestamp="20210606 17:02:28.049" level="FAIL">Element with locator 'id:wzrk-cancel' not found.</msg>
<status status="FAIL" starttime="20210606 17:02:27.111" endtime="20210606 17:02:28.049"/>
</kw>
<msg timestamp="20210606 17:02:28.049" level="INFO">${status} = False</msg>
<status status="PASS" starttime="20210606 17:02:27.111" endtime="20210606 17:02:28.049"/>
</kw>
<kw name="Run Keyword If" library="BuiltIn">
<arg>${status} == True</arg>
<arg>dismissDialog</arg>
<doc>Runs the given keyword with the given arguments, if ``condition`` is true.</doc>
<status status="PASS" starttime="20210606 17:02:28.049" endtime="20210606 17:02:28.050"/>
</kw>
<kw name="checkEmaileditDisabledArabic" library="CommonResources">
<kw name="Wait Until Element Is Visible" library="SeleniumLibrary">
<arg>${accDiv}</arg>
<doc>Waits until the element ``locator`` is visible.</doc>
<status status="PASS" starttime="20210606 17:02:28.050" endtime="20210606 17:02:28.062"/>
</kw>
<kw name="Mouse Over" library="SeleniumLibrary">
<arg>${accDiv}</arg>
<doc>Simulates hovering the mouse over the element ``locator``.</doc>
<msg timestamp="20210606 17:02:28.063" level="INFO">Simulating Mouse Over on element 'class:Popup-iconText'.</msg>
<status status="PASS" starttime="20210606 17:02:28.063" endtime="20210606 17:02:28.351"/>
</kw>
<kw name="Click Link" library="SeleniumLibrary">
<arg>${myAccountArabic}</arg>
<doc>Clicks a link identified by ``locator``.</doc>
<msg timestamp="20210606 17:02:28.351" level="INFO">Clicking link 'حسابي'.</msg>
<status status="PASS" starttime="20210606 17:02:28.351" endtime="20210606 17:02:33.893"/>
</kw>
<kw name="Wait Until Element Is Visible" library="SeleniumLibrary">
<arg>${accDetailsDiv}</arg>
<doc>Waits until the element ``locator`` is visible.</doc>
<status status="PASS" starttime="20210606 17:02:33.893" endtime="20210606 17:02:33.918"/>
</kw>
<kw name="Click Link" library="SeleniumLibrary">
<arg>${editArabic}</arg>
<doc>Clicks a link identified by ``locator``.</doc>
<msg timestamp="20210606 17:02:33.918" level="INFO">Clicking link 'تعديل'.</msg>
<status status="PASS" starttime="20210606 17:02:33.918" endtime="20210606 17:02:36.185"/>
</kw>
<kw name="Wait Until Element Is Visible" library="SeleniumLibrary">
<arg>${emailDetails}</arg>
<doc>Waits until the element ``locator`` is visible.</doc>
<status status="PASS" starttime="20210606 17:02:36.185" endtime="20210606 17:02:36.206"/>
</kw>
<kw name="Element Should Be Disabled" library="SeleniumLibrary">
<arg>${emailDetails}</arg>
<doc>Verifies that element identified by ``locator`` is disabled.</doc>
<status status="PASS" starttime="20210606 17:02:36.206" endtime="20210606 17:02:36.215"/>
</kw>
<status status="PASS" starttime="20210606 17:02:28.050" endtime="20210606 17:02:36.215"/>
</kw>
<kw name="AddPhNoArabic" library="CommonResources">
<kw name="Click Link" library="SeleniumLibrary">
<arg>${addressBookArabic}</arg>
<doc>Clicks a link identified by ``locator``.</doc>
<msg timestamp="20210606 17:02:36.216" level="INFO">Clicking link 'link:دفتر العناوين'.</msg>
<status status="PASS" starttime="20210606 17:02:36.215" endtime="20210606 17:02:42.834"/>
</kw>
<kw name="Wait Until Element Is Visible" library="SeleniumLibrary">
<arg>${addAddress}</arg>
<doc>Waits until the element ``locator`` is visible.</doc>
<status status="PASS" starttime="20210606 17:02:42.834" endtime="20210606 17:02:42.865"/>
</kw>
<kw name="Click Element" library="SeleniumLibrary">
<arg>${addAddress}</arg>
<doc>Click the element identified by ``locator``.</doc>
<msg timestamp="20210606 17:02:42.866" level="INFO">Clicking element 'class:EmptyPage-callToAction'.</msg>
<status status="PASS" starttime="20210606 17:02:42.866" endtime="20210606 17:02:43.606"/>
</kw>
<kw name="Wait Until Element Is Visible" library="SeleniumLibrary">
<arg>${inputFName}</arg>
<doc>Waits until the element ``locator`` is visible.</doc>
<status status="PASS" starttime="20210606 17:02:43.606" endtime="20210606 17:02:43.629"/>
</kw>
<kw name="InputDetailsWithoutEmail" library="CommonResources">
<kw name="Input Text" library="SeleniumLibrary">
<arg>${inputFName}</arg>
<arg>John</arg>
<doc>Types the given ``text`` into the text field identified by ``locator``.</doc>
<msg timestamp="20210606 17:02:43.630" level="INFO">Typing text 'John' into text field 'id:firstName'.</msg>
<status status="PASS" starttime="20210606 17:02:43.629" endtime="20210606 17:02:43.754"/>
</kw>
<kw name="Input Text" library="SeleniumLibrary">
<arg>${inputLName}</arg>
<arg>Doe</arg>
<doc>Types the given ``text`` into the text field identified by ``locator``.</doc>
<msg timestamp="20210606 17:02:43.754" level="INFO">Typing text 'Doe' into text field 'id:lastName'.</msg>
<status status="PASS" starttime="20210606 17:02:43.754" endtime="20210606 17:02:43.860"/>
</kw>
<kw name="Input Text" library="SeleniumLibrary">
<arg>${inputPhNo}</arg>
<arg>67324238</arg>
<doc>Types the given ``text`` into the text field identified by ``locator``.</doc>
<msg timestamp="20210606 17:02:43.860" level="INFO">Typing text '67324238' into text field 'id:mobileNumber'.</msg>
<status status="PASS" starttime="20210606 17:02:43.860" endtime="20210606 17:02:44.125"/>
</kw>
<kw name="Press Keys" library="SeleniumLibrary">
<arg>None</arg>
<arg>TAB</arg>
<doc>Simulates the user pressing key(s) to an element or on the active browser.</doc>
<msg timestamp="20210606 17:02:44.125" level="INFO">Sending key(s) ('TAB',) to page.</msg>
<msg timestamp="20210606 17:02:44.126" level="INFO">Pressing special key TAB to browser.</msg>
<msg timestamp="20210606 17:02:44.126" level="INFO">Releasing special key TAB.</msg>
<status status="PASS" starttime="20210606 17:02:44.125" endtime="20210606 17:02:44.183"/>
</kw>
<kw name="Element Should Not Be Visible" library="SeleniumLibrary">
<arg>${IncorrectNo} , Phone number is not accurate</arg>
<doc>Verifies that the element identified by ``locator`` is NOT visible.</doc>
<kw name="Capture Page Screenshot" library="SeleniumLibrary">
<doc>Takes a screenshot of the current page and embeds it into a log file.</doc>
<msg timestamp="20210606 17:02:44.470" level="INFO" html="true">&lt;/td&gt;&lt;/tr&gt;&lt;tr&gt;&lt;td colspan="3"&gt;&lt;a href="selenium-screenshot-8.png"&gt;&lt;img src="selenium-screenshot-8.png" width="800px"&gt;&lt;/a&gt;</msg>
<status status="PASS" starttime="20210606 17:02:44.199" endtime="20210606 17:02:44.470"/>
</kw>
<msg timestamp="20210606 17:02:44.471" level="FAIL">The element 'class:NewAddress-fieldErrorText , Phone number is not accurate' should not be visible, but it is.</msg>
<status status="FAIL" starttime="20210606 17:02:44.183" endtime="20210606 17:02:44.471"/>
</kw>
<status status="FAIL" starttime="20210606 17:02:43.629" endtime="20210606 17:02:44.471"/>
</kw>
<status status="FAIL" starttime="20210606 17:02:36.215" endtime="20210606 17:02:44.471"/>
</kw>
<status status="FAIL" starttime="20210606 17:02:27.111" endtime="20210606 17:02:44.471"/>
</kw>
<kw name="FinishTests" library="CommonResources" type="TEARDOWN">
<kw name="Close Browser" library="SeleniumLibrary">
<doc>Closes the current browser.</doc>
<status status="PASS" starttime="20210606 17:02:44.471" endtime="20210606 17:02:44.554"/>
</kw>
<status status="PASS" starttime="20210606 17:02:44.471" endtime="20210606 17:02:44.554"/>
</kw>
<doc>Register new user/ Verify Email and add Ph no</doc>
<status status="FAIL" starttime="20210606 17:01:57.210" endtime="20210606 17:02:44.555">The element 'class:NewAddress-fieldErrorText , Phone number is not accurate' should not be visible, but it is.</status>
</test>
<doc>Ounass Automation Framework Prototype</doc>
<status status="FAIL" starttime="20210606 17:01:57.089" endtime="20210606 17:02:44.555"/>
</suite>
<statistics>
<total>
<stat pass="0" fail="1" skip="0">All Tests</stat>
</total>
<tag>
</tag>
<suite>
<stat pass="0" fail="1" skip="0" id="s1" name="TestSuiteArabic">TestSuiteArabic</stat>
</suite>
</statistics>
<errors>
</errors>
</robot>
