<?xml version="1.0" encoding="UTF-8"?>
<robot generator="Robot 4.0.2 (Python 3.9.5 on darwin)" generated="20210606 01:59:03.523" rpa="false" schemaversion="2">
<suite id="s1" name="LoginTestCase" source="/Users/ahmadamir/PycharmProjects/RobotFrameWorkAutomation/TestCases/LoginTestCase.robot">
<test id="s1-t1" name="LoginTest">
<kw name="StartTests" type="SETUP">
<kw name="launchBrowser">
<kw name="Open Browser" library="SeleniumLibrary">
<arg>${url}</arg>
<arg>${browser}</arg>
<doc>Opens a new browser instance to the optional ``url``.</doc>
<msg timestamp="20210606 01:59:03.632" level="INFO">Opening browser 'chrome' to base url 'https://www.ounass.ae/'.</msg>
<status status="PASS" starttime="20210606 01:59:03.632" endtime="20210606 01:59:11.960"/>
</kw>
<kw name="Maximize Browser Window" library="SeleniumLibrary">
<doc>Maximizes current browser window.</doc>
<status status="PASS" starttime="20210606 01:59:11.960" endtime="20210606 01:59:12.174"/>
</kw>
<status status="PASS" starttime="20210606 01:59:03.632" endtime="20210606 01:59:12.174"/>
</kw>
<status status="PASS" starttime="20210606 01:59:03.631" endtime="20210606 01:59:12.174"/>
</kw>
<kw name="dismissDialog">
<kw name="Wait Until Element Is Visible" library="SeleniumLibrary">
<arg>${dialogBoxCancel}</arg>
<doc>Waits until the element ``locator`` is visible.</doc>
<status status="PASS" starttime="20210606 01:59:12.175" endtime="20210606 01:59:15.157"/>
</kw>
<kw name="Click Button" library="SeleniumLibrary">
<arg>${dialogBoxCancel}</arg>
<doc>Clicks the button identified by ``locator``.</doc>
<msg timestamp="20210606 01:59:15.158" level="INFO">Clicking button 'id:wzrk-cancel'.</msg>
<status status="PASS" starttime="20210606 01:59:15.158" endtime="20210606 01:59:16.511"/>
</kw>
<status status="PASS" starttime="20210606 01:59:12.175" endtime="20210606 01:59:16.511"/>
</kw>
<kw name="navigateFBLogin">
<kw name="Wait Until Element Is Visible" library="SeleniumLibrary">
<arg>${account}</arg>
<doc>Waits until the element ``locator`` is visible.</doc>
<status status="PASS" starttime="20210606 01:59:16.512" endtime="20210606 01:59:16.611"/>
</kw>
<kw name="Click Button" library="SeleniumLibrary">
<arg>${account}</arg>
<doc>Clicks the button identified by ``locator``.</doc>
<msg timestamp="20210606 01:59:16.611" level="INFO">Clicking button 'class:Popup-button'.</msg>
<status status="PASS" starttime="20210606 01:59:16.611" endtime="20210606 01:59:17.262"/>
</kw>
<kw name="Wait Until Element Is Visible" library="SeleniumLibrary">
<arg>${fbDiv}</arg>
<doc>Waits until the element ``locator`` is visible.</doc>
<status status="PASS" starttime="20210606 01:59:17.262" endtime="20210606 01:59:17.302"/>
</kw>
<kw name="Click Button" library="SeleniumLibrary">
<arg>${fbLogin}</arg>
<doc>Clicks the button identified by ``locator``.</doc>
<msg timestamp="20210606 01:59:17.302" level="INFO">Clicking button 'class:SignInThirdpartyButtons-facebookButton'.</msg>
<status status="PASS" starttime="20210606 01:59:17.302" endtime="20210606 01:59:17.463"/>
</kw>
<status status="PASS" starttime="20210606 01:59:16.511" endtime="20210606 01:59:17.463"/>
</kw>
<kw name="LoginFB">
<kw name="Wait Until Element Is Visible" library="SeleniumLibrary">
<arg>${fbPage}</arg>
<doc>Waits until the element ``locator`` is visible.</doc>
<status status="PASS" starttime="20210606 01:59:17.464" endtime="20210606 01:59:21.732"/>
</kw>
<kw name="Input Text" library="SeleniumLibrary">
<arg>${fbEmail}</arg>
<arg>samad@werplay.com</arg>
<doc>Types the given ``text`` into the text field identified by ``locator``.</doc>
<msg timestamp="20210606 01:59:21.732" level="INFO">Typing text 'samad@werplay.com' into text field 'id:email'.</msg>
<status status="PASS" starttime="20210606 01:59:21.732" endtime="20210606 01:59:22.160"/>
</kw>
<kw name="Input Text" library="SeleniumLibrary">
<arg>${fbPass}</arg>
<arg>werplayru55</arg>
<doc>Types the given ``text`` into the text field identified by ``locator``.</doc>
<msg timestamp="20210606 01:59:22.160" level="INFO">Typing text 'werplayru55' into text field 'id:pass'.</msg>
<status status="PASS" starttime="20210606 01:59:22.160" endtime="20210606 01:59:22.273"/>
</kw>
<kw name="Click Button" library="SeleniumLibrary">
<arg>${fbLoginBtn}</arg>
<doc>Clicks the button identified by ``locator``.</doc>
<msg timestamp="20210606 01:59:22.273" level="INFO">Clicking button 'id:loginbutton'.</msg>
<status status="PASS" starttime="20210606 01:59:22.273" endtime="20210606 01:59:23.378"/>
</kw>
<status status="PASS" starttime="20210606 01:59:17.464" endtime="20210606 01:59:23.378"/>
</kw>
<kw name="checkEmaileditDisabled">
<kw name="Wait Until Element Is Visible" library="SeleniumLibrary">
<arg>${accDiv}</arg>
<doc>Waits until the element ``locator`` is visible.</doc>
<kw name="Capture Page Screenshot" library="SeleniumLibrary">
<doc>Takes a screenshot of the current page and embeds it into a log file.</doc>
<msg timestamp="20210606 01:59:37.449" level="INFO" html="true">&lt;/td&gt;&lt;/tr&gt;&lt;tr&gt;&lt;td colspan="3"&gt;&lt;a href="selenium-screenshot-1.png"&gt;&lt;img src="selenium-screenshot-1.png" width="800px"&gt;&lt;/a&gt;</msg>
<status status="PASS" starttime="20210606 01:59:36.220" endtime="20210606 01:59:37.450"/>
</kw>
<msg timestamp="20210606 01:59:37.451" level="FAIL">Element 'class:Popup-iconText' not visible after 5 seconds.</msg>
<status status="FAIL" starttime="20210606 01:59:23.379" endtime="20210606 01:59:37.451"/>
</kw>
<kw name="Mouse Over" library="SeleniumLibrary">
<arg>${accDiv}</arg>
<doc>Simulates hovering the mouse over the element ``locator``.</doc>
<status status="NOT RUN" starttime="20210606 01:59:37.451" endtime="20210606 01:59:37.452"/>
</kw>
<kw name="Click Link" library="SeleniumLibrary">
<arg>${myAccount}</arg>
<doc>Clicks a link identified by ``locator``.</doc>
<status status="NOT RUN" starttime="20210606 01:59:37.452" endtime="20210606 01:59:37.452"/>
</kw>
<kw name="Wait Until Element Is Visible" library="SeleniumLibrary">
<arg>${accDetailsDiv}</arg>
<doc>Waits until the element ``locator`` is visible.</doc>
<status status="NOT RUN" starttime="20210606 01:59:37.452" endtime="20210606 01:59:37.452"/>
</kw>
<kw name="Click Link" library="SeleniumLibrary">
<arg>${edit}</arg>
<doc>Clicks a link identified by ``locator``.</doc>
<status status="NOT RUN" starttime="20210606 01:59:37.452" endtime="20210606 01:59:37.452"/>
</kw>
<kw name="Wait Until Element Is Visible" library="SeleniumLibrary">
<arg>${emailDetails}</arg>
<doc>Waits until the element ``locator`` is visible.</doc>
<status status="NOT RUN" starttime="20210606 01:59:37.452" endtime="20210606 01:59:37.452"/>
</kw>
<kw name="Element Should Be Disabled" library="SeleniumLibrary">
<arg>${emailDetails}</arg>
<doc>Verifies that element identified by ``locator`` is disabled.</doc>
<status status="NOT RUN" starttime="20210606 01:59:37.452" endtime="20210606 01:59:37.452"/>
</kw>
<status status="FAIL" starttime="20210606 01:59:23.378" endtime="20210606 01:59:37.452"/>
</kw>
<kw name="Close Browser" library="SeleniumLibrary">
<doc>Closes the current browser.</doc>
<status status="NOT RUN" starttime="20210606 01:59:37.452" endtime="20210606 01:59:37.452"/>
</kw>
<kw name="FinishTests" type="TEARDOWN">
<kw name="Close Browser" library="SeleniumLibrary">
<doc>Closes the current browser.</doc>
<status status="PASS" starttime="20210606 01:59:37.453" endtime="20210606 01:59:37.534"/>
</kw>
<status status="PASS" starttime="20210606 01:59:37.452" endtime="20210606 01:59:37.534"/>
</kw>
<doc>Valid Login / Email editing disabled post login]</doc>
<status status="FAIL" starttime="20210606 01:59:03.631" endtime="20210606 01:59:37.534">Element 'class:Popup-iconText' not visible after 5 seconds.</status>
</test>
<test id="s1-t2" name="CheckOut">
<kw name="StartTests" type="SETUP">
<kw name="launchBrowser">
<kw name="Open Browser" library="SeleniumLibrary">
<arg>${url}</arg>
<arg>${browser}</arg>
<doc>Opens a new browser instance to the optional ``url``.</doc>
<msg timestamp="20210606 01:59:37.535" level="INFO">Opening browser 'chrome' to base url 'https://www.ounass.ae/'.</msg>
<status status="PASS" starttime="20210606 01:59:37.535" endtime="20210606 01:59:45.125"/>
</kw>
<kw name="Maximize Browser Window" library="SeleniumLibrary">
<doc>Maximizes current browser window.</doc>
<status status="PASS" starttime="20210606 01:59:45.126" endtime="20210606 01:59:45.295"/>
</kw>
<status status="PASS" starttime="20210606 01:59:37.535" endtime="20210606 01:59:45.295"/>
</kw>
<status status="PASS" starttime="20210606 01:59:37.535" endtime="20210606 01:59:45.295"/>
</kw>
<kw name="dismissDialog">
<kw name="Wait Until Element Is Visible" library="SeleniumLibrary">
<arg>${dialogBoxCancel}</arg>
<doc>Waits until the element ``locator`` is visible.</doc>
<status status="PASS" starttime="20210606 01:59:45.296" endtime="20210606 01:59:48.132"/>
</kw>
<kw name="Click Button" library="SeleniumLibrary">
<arg>${dialogBoxCancel}</arg>
<doc>Clicks the button identified by ``locator``.</doc>
<msg timestamp="20210606 01:59:48.133" level="INFO">Clicking button 'id:wzrk-cancel'.</msg>
<status status="PASS" starttime="20210606 01:59:48.132" endtime="20210606 01:59:49.468"/>
</kw>
<status status="PASS" starttime="20210606 01:59:45.295" endtime="20210606 01:59:49.468"/>
</kw>
<kw name="Click Link" library="SeleniumLibrary">
<arg>${women}</arg>
<doc>Clicks a link identified by ``locator``.</doc>
<msg timestamp="20210606 01:59:49.468" level="INFO">Clicking link 'link:WOMEN'.</msg>
<status status="PASS" starttime="20210606 01:59:49.468" endtime="20210606 01:59:53.960"/>
</kw>
<kw name="Wait Until Element Is Visible" library="SeleniumLibrary">
<arg>${sale}</arg>
<doc>Waits until the element ``locator`` is visible.</doc>
<status status="PASS" starttime="20210606 01:59:53.960" endtime="20210606 01:59:54.212"/>
</kw>
<kw name="Click Link" library="SeleniumLibrary">
<arg>${sale}</arg>
<doc>Clicks a link identified by ``locator``.</doc>
<msg timestamp="20210606 01:59:54.212" level="INFO">Clicking link 'link:SALE'.</msg>
<status status="PASS" starttime="20210606 01:59:54.212" endtime="20210606 01:59:57.964"/>
</kw>
<kw name="Add Products">
<kw name="Product Select">
<kw name="Wait Until Element Is Visible" library="SeleniumLibrary">
<arg>${product}</arg>
<doc>Waits until the element ``locator`` is visible.</doc>
<status status="PASS" starttime="20210606 01:59:57.965" endtime="20210606 01:59:58.001"/>
</kw>
<kw name="Click Element" library="SeleniumLibrary">
<arg>${product}</arg>
<doc>Click the element identified by ``locator``.</doc>
<msg timestamp="20210606 01:59:58.001" level="INFO">Clicking element 'class:Product-contents'.</msg>
<status status="PASS" starttime="20210606 01:59:58.001" endtime="20210606 01:59:59.020"/>
</kw>
<status status="PASS" starttime="20210606 01:59:57.965" endtime="20210606 01:59:59.020"/>
</kw>
<kw name="Wait Until Element Is Visible" library="SeleniumLibrary">
<arg>${mainDiv}</arg>
<doc>Waits until the element ``locator`` is visible.</doc>
<status status="PASS" starttime="20210606 01:59:59.020" endtime="20210606 01:59:59.325"/>
</kw>
<kw name="Check Size Selected Status">
<kw name="Run Keyword And Return Status" library="BuiltIn">
<var>${status}</var>
<arg>page should contain element</arg>
<arg>${dropDownPlaceholder}</arg>
<doc>Runs the given keyword with given arguments and returns the status as a Boolean value.</doc>
<kw name="Page Should Contain Element" library="SeleniumLibrary">
<arg>${dropDownPlaceholder}</arg>
<doc>Verifies that element ``locator`` is found on the current page.</doc>
<kw name="Capture Page Screenshot" library="SeleniumLibrary">
<doc>Takes a screenshot of the current page and embeds it into a log file.</doc>
<msg timestamp="20210606 01:59:59.787" level="INFO" html="true">&lt;/td&gt;&lt;/tr&gt;&lt;tr&gt;&lt;td colspan="3"&gt;&lt;a href="selenium-screenshot-2.png"&gt;&lt;img src="selenium-screenshot-2.png" width="800px"&gt;&lt;/a&gt;</msg>
<status status="PASS" starttime="20210606 01:59:59.488" endtime="20210606 01:59:59.787"/>
</kw>
<msg timestamp="20210606 01:59:59.789" level="FAIL">Page should have contained element 'class:Select-placeholder' but did not.</msg>
<status status="FAIL" starttime="20210606 01:59:59.325" endtime="20210606 01:59:59.789"/>
</kw>
<msg timestamp="20210606 01:59:59.789" level="INFO">${status} = False</msg>
<status status="PASS" starttime="20210606 01:59:59.325" endtime="20210606 01:59:59.789"/>
</kw>
<kw name="Run Keyword If" library="BuiltIn">
<arg>${status} == True</arg>
<arg>Size is Not Selected</arg>
<doc>Runs the given keyword with the given arguments, if ``condition`` is true.</doc>
<status status="PASS" starttime="20210606 01:59:59.789" endtime="20210606 01:59:59.789"/>
</kw>
<status status="PASS" starttime="20210606 01:59:59.325" endtime="20210606 01:59:59.789"/>
</kw>
<kw name="Check Availability of Item">
<kw name="Run Keyword And Return Status" library="BuiltIn">
<var>${status}</var>
<arg>element should be enabled</arg>
<arg>${addToBag}</arg>
<doc>Runs the given keyword with given arguments and returns the status as a Boolean value.</doc>
<kw name="Element Should Be Enabled" library="SeleniumLibrary">
<arg>${addToBag}</arg>
<doc>Verifies that element identified by ``locator`` is enabled.</doc>
<status status="PASS" starttime="20210606 01:59:59.790" endtime="20210606 01:59:59.808"/>
</kw>
<msg timestamp="20210606 01:59:59.808" level="INFO">${status} = True</msg>
<status status="PASS" starttime="20210606 01:59:59.789" endtime="20210606 01:59:59.808"/>
</kw>
<kw name="Run Keyword If" library="BuiltIn">
<arg>${status} == True</arg>
<arg>Proceed Add To Bag</arg>
<doc>Runs the given keyword with the given arguments, if ``condition`` is true.</doc>
<kw name="Proceed Add To Bag">
<kw name="Page Should Contain Button" library="SeleniumLibrary">
<arg>${addToBag}</arg>
<doc>Verifies button ``locator`` is found from current page.</doc>
<msg timestamp="20210606 01:59:59.875" level="INFO">Current page contains button 'class:AddToBag'.</msg>
<status status="PASS" starttime="20210606 01:59:59.809" endtime="20210606 01:59:59.875"/>
</kw>
<kw name="Click Button" library="SeleniumLibrary">
<arg>${addToBag}</arg>
<doc>Clicks the button identified by ``locator``.</doc>
<msg timestamp="20210606 01:59:59.876" level="INFO">Clicking button 'class:AddToBag'.</msg>
<status status="PASS" starttime="20210606 01:59:59.875" endtime="20210606 02:00:00.026"/>
</kw>
<kw name="Wait Until Element Is Visible" library="SeleniumLibrary">
<arg>${bagLoad}</arg>
<doc>Waits until the element ``locator`` is visible.</doc>
<status status="PASS" starttime="20210606 02:00:00.027" endtime="20210606 02:00:01.587"/>
</kw>
<kw name="Log To Console" library="BuiltIn">
<arg>Item is buyable/ added to bag</arg>
<doc>Logs the given message to the console.</doc>
<status status="PASS" starttime="20210606 02:00:01.587" endtime="20210606 02:00:01.587"/>
</kw>
<status status="PASS" starttime="20210606 01:59:59.809" endtime="20210606 02:00:01.587"/>
</kw>
<status status="PASS" starttime="20210606 01:59:59.809" endtime="20210606 02:00:01.587"/>
</kw>
<status status="PASS" starttime="20210606 01:59:59.789" endtime="20210606 02:00:01.587"/>
</kw>
<kw name="Product Select">
<kw name="Wait Until Element Is Visible" library="SeleniumLibrary">
<arg>${product}</arg>
<doc>Waits until the element ``locator`` is visible.</doc>
<status status="PASS" starttime="20210606 02:00:01.587" endtime="20210606 02:00:01.599"/>
</kw>
<kw name="Click Element" library="SeleniumLibrary">
<arg>${product}</arg>
<doc>Click the element identified by ``locator``.</doc>
<msg timestamp="20210606 02:00:01.599" level="INFO">Clicking element 'class:Product-contents'.</msg>
<status status="PASS" starttime="20210606 02:00:01.599" endtime="20210606 02:00:08.966"/>
</kw>
<status status="PASS" starttime="20210606 02:00:01.587" endtime="20210606 02:00:08.967"/>
</kw>
<kw name="Wait Until Element Is Visible" library="SeleniumLibrary">
<arg>${mainDiv}</arg>
<doc>Waits until the element ``locator`` is visible.</doc>
<status status="PASS" starttime="20210606 02:00:08.967" endtime="20210606 02:00:08.984"/>
</kw>
<kw name="Sleep" library="BuiltIn">
<arg>1</arg>
<doc>Pauses the test executed for the given time.</doc>
<msg timestamp="20210606 02:00:09.986" level="INFO">Slept 1 second</msg>
<status status="PASS" starttime="20210606 02:00:08.984" endtime="20210606 02:00:09.987"/>
</kw>
<kw name="Check Size Selected Status">
<kw name="Run Keyword And Return Status" library="BuiltIn">
<var>${status}</var>
<arg>page should contain element</arg>
<arg>${dropDownPlaceholder}</arg>
<doc>Runs the given keyword with given arguments and returns the status as a Boolean value.</doc>
<kw name="Page Should Contain Element" library="SeleniumLibrary">
<arg>${dropDownPlaceholder}</arg>
<doc>Verifies that element ``locator`` is found on the current page.</doc>
<msg timestamp="20210606 02:00:10.031" level="INFO">Current page contains element 'class:Select-placeholder'.</msg>
<status status="PASS" starttime="20210606 02:00:09.990" endtime="20210606 02:00:10.031"/>
</kw>
<msg timestamp="20210606 02:00:10.032" level="INFO">${status} = True</msg>
<status status="PASS" starttime="20210606 02:00:09.989" endtime="20210606 02:00:10.032"/>
</kw>
<kw name="Run Keyword If" library="BuiltIn">
<arg>${status} == True</arg>
<arg>Size is Not Selected</arg>
<doc>Runs the given keyword with the given arguments, if ``condition`` is true.</doc>
<kw name="Size is Not Selected">
<kw name="Log To Console" library="BuiltIn">
<arg>Item size is unselected/ proceeding to select size</arg>
<doc>Logs the given message to the console.</doc>
<status status="PASS" starttime="20210606 02:00:10.032" endtime="20210606 02:00:10.033"/>
</kw>
<kw name="Click Element" library="SeleniumLibrary">
<arg>${dropDownPlaceholder}</arg>
<doc>Click the element identified by ``locator``.</doc>
<msg timestamp="20210606 02:00:10.033" level="INFO">Clicking element 'class:Select-placeholder'.</msg>
<status status="PASS" starttime="20210606 02:00:10.033" endtime="20210606 02:00:10.179"/>
</kw>
<kw name="Mouse Over" library="SeleniumLibrary">
<arg>${dropDownOption1}</arg>
<doc>Simulates hovering the mouse over the element ``locator``.</doc>
<msg timestamp="20210606 02:00:10.180" level="INFO">Simulating Mouse Over on element 'id:react-select-2--option-0'.</msg>
<status status="PASS" starttime="20210606 02:00:10.179" endtime="20210606 02:00:10.483"/>
</kw>
<kw name="Click Element" library="SeleniumLibrary">
<arg>${dropDownOption1}</arg>
<doc>Click the element identified by ``locator``.</doc>
<msg timestamp="20210606 02:00:10.484" level="INFO">Clicking element 'id:react-select-2--option-0'.</msg>
<status status="PASS" starttime="20210606 02:00:10.483" endtime="20210606 02:00:10.719"/>
</kw>
<status status="PASS" starttime="20210606 02:00:10.032" endtime="20210606 02:00:10.719"/>
</kw>
<status status="PASS" starttime="20210606 02:00:10.032" endtime="20210606 02:00:10.719"/>
</kw>
<status status="PASS" starttime="20210606 02:00:09.988" endtime="20210606 02:00:10.719"/>
</kw>
<kw name="Check Availability of Item">
<kw name="Run Keyword And Return Status" library="BuiltIn">
<var>${status}</var>
<arg>element should be enabled</arg>
<arg>${addToBag}</arg>
<doc>Runs the given keyword with given arguments and returns the status as a Boolean value.</doc>
<kw name="Element Should Be Enabled" library="SeleniumLibrary">
<arg>${addToBag}</arg>
<doc>Verifies that element identified by ``locator`` is enabled.</doc>
<status status="PASS" starttime="20210606 02:00:10.720" endtime="20210606 02:00:10.737"/>
</kw>
<msg timestamp="20210606 02:00:10.737" level="INFO">${status} = True</msg>
<status status="PASS" starttime="20210606 02:00:10.719" endtime="20210606 02:00:10.737"/>
</kw>
<kw name="Run Keyword If" library="BuiltIn">
<arg>${status} == True</arg>
<arg>Proceed Add To Bag</arg>
<doc>Runs the given keyword with the given arguments, if ``condition`` is true.</doc>
<kw name="Proceed Add To Bag">
<kw name="Page Should Contain Button" library="SeleniumLibrary">
<arg>${addToBag}</arg>
<doc>Verifies button ``locator`` is found from current page.</doc>
<msg timestamp="20210606 02:00:10.811" level="INFO">Current page contains button 'class:AddToBag'.</msg>
<status status="PASS" starttime="20210606 02:00:10.738" endtime="20210606 02:00:10.811"/>
</kw>
<kw name="Click Button" library="SeleniumLibrary">
<arg>${addToBag}</arg>
<doc>Clicks the button identified by ``locator``.</doc>
<msg timestamp="20210606 02:00:10.811" level="INFO">Clicking button 'class:AddToBag'.</msg>
<status status="PASS" starttime="20210606 02:00:10.811" endtime="20210606 02:00:10.936"/>
</kw>
<kw name="Wait Until Element Is Visible" library="SeleniumLibrary">
<arg>${bagLoad}</arg>
<doc>Waits until the element ``locator`` is visible.</doc>
<status status="PASS" starttime="20210606 02:00:10.936" endtime="20210606 02:00:12.465"/>
</kw>
<kw name="Log To Console" library="BuiltIn">
<arg>Item is buyable/ added to bag</arg>
<doc>Logs the given message to the console.</doc>
<status status="PASS" starttime="20210606 02:00:12.465" endtime="20210606 02:00:12.465"/>
</kw>
<status status="PASS" starttime="20210606 02:00:10.738" endtime="20210606 02:00:12.465"/>
</kw>
<status status="PASS" starttime="20210606 02:00:10.737" endtime="20210606 02:00:12.465"/>
</kw>
<status status="PASS" starttime="20210606 02:00:10.719" endtime="20210606 02:00:12.465"/>
</kw>
<status status="PASS" starttime="20210606 01:59:57.965" endtime="20210606 02:00:12.465"/>
</kw>
<kw name="CheckOut">
<kw name="Click Link" library="SeleniumLibrary">
<arg>${navigateToBag}</arg>
<doc>Clicks a link identified by ``locator``.</doc>
<msg timestamp="20210606 02:00:12.466" level="INFO">Clicking link 'link:GO TO BAG'.</msg>
<status status="PASS" starttime="20210606 02:00:12.466" endtime="20210606 02:00:15.000"/>
</kw>
<kw name="Wait Until Element Is Visible" library="SeleniumLibrary">
<arg>${mainDiv}</arg>
<doc>Waits until the element ``locator`` is visible.</doc>
<status status="PASS" starttime="20210606 02:00:15.000" endtime="20210606 02:00:15.038"/>
</kw>
<kw name="Click Button" library="SeleniumLibrary">
<arg>${btnCheckout}</arg>
<doc>Clicks the button identified by ``locator``.</doc>
<msg timestamp="20210606 02:00:15.038" level="INFO">Clicking button 'class:CartTotal-secureCheckout'.</msg>
<status status="PASS" starttime="20210606 02:00:15.038" endtime="20210606 02:00:19.157"/>
</kw>
<kw name="Wait Until Element Is Visible" library="SeleniumLibrary">
<arg>${mainDiv}</arg>
<doc>Waits until the element ``locator`` is visible.</doc>
<status status="PASS" starttime="20210606 02:00:19.157" endtime="20210606 02:00:19.175"/>
</kw>
<kw name="Input Text" library="SeleniumLibrary">
<arg>${inputFName}</arg>
<arg>John</arg>
<doc>Types the given ``text`` into the text field identified by ``locator``.</doc>
<msg timestamp="20210606 02:00:19.175" level="INFO">Typing text 'John' into text field 'id:firstName'.</msg>
<status status="PASS" starttime="20210606 02:00:19.175" endtime="20210606 02:00:19.765"/>
</kw>
<kw name="Input Text" library="SeleniumLibrary">
<arg>${inputLName}</arg>
<arg>Doe</arg>
<doc>Types the given ``text`` into the text field identified by ``locator``.</doc>
<msg timestamp="20210606 02:00:19.766" level="INFO">Typing text 'Doe' into text field 'id:lastName'.</msg>
<status status="PASS" starttime="20210606 02:00:19.765" endtime="20210606 02:00:19.902"/>
</kw>
<kw name="Input Text" library="SeleniumLibrary">
<arg>${inputEmail}</arg>
<arg>John@gmail.com</arg>
<doc>Types the given ``text`` into the text field identified by ``locator``.</doc>
<msg timestamp="20210606 02:00:19.902" level="INFO">Typing text 'John@gmail.com' into text field 'id:email'.</msg>
<status status="PASS" starttime="20210606 02:00:19.902" endtime="20210606 02:00:20.158"/>
</kw>
<kw name="Input Text" library="SeleniumLibrary">
<arg>${inputPhNo}</arg>
<arg>67324238</arg>
<doc>Types the given ``text`` into the text field identified by ``locator``.</doc>
<msg timestamp="20210606 02:00:20.158" level="INFO">Typing text '67324238' into text field 'id:mobileNumber'.</msg>
<status status="PASS" starttime="20210606 02:00:20.158" endtime="20210606 02:00:20.282"/>
</kw>
<kw name="Press Keys" library="SeleniumLibrary">
<arg>None</arg>
<arg>TAB</arg>
<doc>Simulates the user pressing key(s) to an element or on the active browser.</doc>
<msg timestamp="20210606 02:00:20.282" level="INFO">Sending key(s) ('TAB',) to page.</msg>
<msg timestamp="20210606 02:00:20.283" level="INFO">Pressing special key TAB to browser.</msg>
<msg timestamp="20210606 02:00:20.283" level="INFO">Releasing special key TAB.</msg>
<status status="PASS" starttime="20210606 02:00:20.282" endtime="20210606 02:00:20.341"/>
</kw>
<kw name="Element Should Not Be Visible" library="SeleniumLibrary">
<arg>${IncorrectNo} , Phone number is not accurate</arg>
<doc>Verifies that the element identified by ``locator`` is NOT visible.</doc>
<kw name="Capture Page Screenshot" library="SeleniumLibrary">
<doc>Takes a screenshot of the current page and embeds it into a log file.</doc>
<msg timestamp="20210606 02:00:20.571" level="INFO" html="true">&lt;/td&gt;&lt;/tr&gt;&lt;tr&gt;&lt;td colspan="3"&gt;&lt;a href="selenium-screenshot-3.png"&gt;&lt;img src="selenium-screenshot-3.png" width="800px"&gt;&lt;/a&gt;</msg>
<status status="PASS" starttime="20210606 02:00:20.353" endtime="20210606 02:00:20.571"/>
</kw>
<msg timestamp="20210606 02:00:20.571" level="FAIL">The element 'class:NewAddress-fieldErrorText , Phone number is not accurate' should not be visible, but it is.</msg>
<status status="FAIL" starttime="20210606 02:00:20.342" endtime="20210606 02:00:20.571"/>
</kw>
<status status="FAIL" starttime="20210606 02:00:12.466" endtime="20210606 02:00:20.571"/>
</kw>
<kw name="Close Browser" library="SeleniumLibrary">
<doc>Closes the current browser.</doc>
<status status="NOT RUN" starttime="20210606 02:00:20.572" endtime="20210606 02:00:20.572"/>
</kw>
<kw name="FinishTests" type="TEARDOWN">
<kw name="Close Browser" library="SeleniumLibrary">
<doc>Closes the current browser.</doc>
<status status="PASS" starttime="20210606 02:00:20.572" endtime="20210606 02:00:20.657"/>
</kw>
<status status="PASS" starttime="20210606 02:00:20.572" endtime="20210606 02:00:20.657"/>
</kw>
<doc>Shop Items and proceed to checkout</doc>
<status status="FAIL" starttime="20210606 01:59:37.534" endtime="20210606 02:00:20.657">The element 'class:NewAddress-fieldErrorText , Phone number is not accurate' should not be visible, but it is.</status>
</test>
<test id="s1-t3" name="ProductListing">
<kw name="StartTests" type="SETUP">
<kw name="launchBrowser">
<kw name="Open Browser" library="SeleniumLibrary">
<arg>${url}</arg>
<arg>${browser}</arg>
<doc>Opens a new browser instance to the optional ``url``.</doc>
<msg timestamp="20210606 02:00:20.658" level="INFO">Opening browser 'chrome' to base url 'https://www.ounass.ae/'.</msg>
<status status="PASS" starttime="20210606 02:00:20.658" endtime="20210606 02:00:28.017"/>
</kw>
<kw name="Maximize Browser Window" library="SeleniumLibrary">
<doc>Maximizes current browser window.</doc>
<status status="PASS" starttime="20210606 02:00:28.018" endtime="20210606 02:00:28.174"/>
</kw>
<status status="PASS" starttime="20210606 02:00:20.658" endtime="20210606 02:00:28.175"/>
</kw>
<status status="PASS" starttime="20210606 02:00:20.658" endtime="20210606 02:00:28.175"/>
</kw>
<kw name="dismissDialog">
<kw name="Wait Until Element Is Visible" library="SeleniumLibrary">
<arg>${dialogBoxCancel}</arg>
<doc>Waits until the element ``locator`` is visible.</doc>
<status status="PASS" starttime="20210606 02:00:28.175" endtime="20210606 02:00:31.622"/>
</kw>
<kw name="Click Button" library="SeleniumLibrary">
<arg>${dialogBoxCancel}</arg>
<doc>Clicks the button identified by ``locator``.</doc>
<msg timestamp="20210606 02:00:31.622" level="INFO">Clicking button 'id:wzrk-cancel'.</msg>
<status status="PASS" starttime="20210606 02:00:31.622" endtime="20210606 02:00:32.955"/>
</kw>
<status status="PASS" starttime="20210606 02:00:28.175" endtime="20210606 02:00:32.955"/>
</kw>
<kw name="Search For Designer">
<kw name="Click Link" library="SeleniumLibrary">
<arg>${women}</arg>
<doc>Clicks a link identified by ``locator``.</doc>
<msg timestamp="20210606 02:00:32.956" level="INFO">Clicking link 'link:WOMEN'.</msg>
<status status="PASS" starttime="20210606 02:00:32.956" endtime="20210606 02:00:37.057"/>
</kw>
<kw name="Wait Until Element Is Visible" library="SeleniumLibrary">
<arg>${clothing}</arg>
<doc>Waits until the element ``locator`` is visible.</doc>
<status status="PASS" starttime="20210606 02:00:37.057" endtime="20210606 02:00:37.322"/>
</kw>
<kw name="Click Link" library="SeleniumLibrary">
<arg>${clothing}</arg>
<doc>Clicks a link identified by ``locator``.</doc>
<msg timestamp="20210606 02:00:37.322" level="INFO">Clicking link 'link:CLOTHING'.</msg>
<status status="PASS" starttime="20210606 02:00:37.322" endtime="20210606 02:00:41.276"/>
</kw>
<kw name="Wait Until Element Is Visible" library="SeleniumLibrary">
<arg>${searchDesignerProduct}</arg>
<doc>Waits until the element ``locator`` is visible.</doc>
<status status="PASS" starttime="20210606 02:00:41.276" endtime="20210606 02:00:41.320"/>
</kw>
<kw name="Press Keys" library="SeleniumLibrary">
<arg>${searchDesignerProduct}</arg>
<arg>Christian Sirano</arg>
<doc>Simulates the user pressing key(s) to an element or on the active browser.</doc>
<msg timestamp="20210606 02:00:41.321" level="INFO">Sending key(s) ('Christian Sirano',) to class:QuickSearch-v2-textBox element.</msg>
<msg timestamp="20210606 02:00:42.547" level="INFO">Sending keys Christian Sirano</msg>
<status status="PASS" starttime="20210606 02:00:41.320" endtime="20210606 02:00:43.454"/>
</kw>
<kw name="Wait Until Element Is Visible" library="SeleniumLibrary">
<arg>${searchShowAllResult}</arg>
<doc>Waits until the element ``locator`` is visible.</doc>
<status status="PASS" starttime="20210606 02:00:43.454" endtime="20210606 02:00:44.688"/>
</kw>
<kw name="Click Link" library="SeleniumLibrary">
<arg>${searchShowAllResult}</arg>
<doc>Clicks a link identified by ``locator``.</doc>
<msg timestamp="20210606 02:00:44.688" level="INFO">Clicking link 'link:SHOW ALL RESULTS'.</msg>
<status status="PASS" starttime="20210606 02:00:44.688" endtime="20210606 02:00:47.373"/>
</kw>
<status status="PASS" starttime="20210606 02:00:32.955" endtime="20210606 02:00:47.373"/>
</kw>
<kw name="Validate Designer Results">
<kw name="Wait Until Element Is Visible" library="SeleniumLibrary">
<arg>${resultItems}</arg>
<doc>Waits until the element ``locator`` is visible.</doc>
<status status="PASS" starttime="20210606 02:00:47.373" endtime="20210606 02:00:47.404"/>
</kw>
<kw name="Get Element Attribute" library="SeleniumLibrary">
<var>${totalCountItems}</var>
<arg>${resultItems}</arg>
<arg>data-total-hits</arg>
<doc>Returns the value of ``attribute`` from the element ``locator``.</doc>
<msg timestamp="20210606 02:00:47.416" level="INFO">${totalCountItems} = 6</msg>
<status status="PASS" starttime="20210606 02:00:47.404" endtime="20210606 02:00:47.416"/>
</kw>
<kw name="Log To Console" library="BuiltIn">
<arg>${totalCountItems}</arg>
<doc>Logs the given message to the console.</doc>
<status status="PASS" starttime="20210606 02:00:47.416" endtime="20210606 02:00:47.416"/>
</kw>
<kw name="Run Keyword And Continue On Failure" library="BuiltIn">
<arg>should be equal</arg>
<arg>${totalCountItems}</arg>
<arg>2</arg>
<arg>as per given instructions resulting items should be 2</arg>
<doc>Runs the keyword and continues execution even if a failure occurs.</doc>
<kw name="Should Be Equal" library="BuiltIn">
<arg>${totalCountItems}</arg>
<arg>2</arg>
<arg>as per given instructions resulting items should be 2</arg>
<doc>Fails if the given objects are unequal.</doc>
<msg timestamp="20210606 02:00:47.417" level="FAIL">as per given instructions resulting items should be 2: 6 != 2</msg>
<status status="FAIL" starttime="20210606 02:00:47.416" endtime="20210606 02:00:47.417"/>
</kw>
<status status="FAIL" starttime="20210606 02:00:47.416" endtime="20210606 02:00:47.417"/>
</kw>
<kw name="Get Text" library="SeleniumLibrary">
<var>${comparison}</var>
<arg>${productBrand}</arg>
<doc>Returns the text value of the element identified by ``locator``.</doc>
<msg timestamp="20210606 02:00:47.436" level="INFO">${comparison} = WILD AND WOOLLY</msg>
<status status="PASS" starttime="20210606 02:00:47.417" endtime="20210606 02:00:47.436"/>
</kw>
<kw name="Should Be Equal" library="BuiltIn">
<arg>${comparison}</arg>
<arg>Christian Sirano</arg>
<arg>Incorrect products displayed</arg>
<doc>Fails if the given objects are unequal.</doc>
<msg timestamp="20210606 02:00:47.437" level="FAIL">Incorrect products displayed: WILD AND WOOLLY != Christian Sirano</msg>
<status status="FAIL" starttime="20210606 02:00:47.437" endtime="20210606 02:00:47.437"/>
</kw>
<status status="FAIL" starttime="20210606 02:00:47.373" endtime="20210606 02:00:47.437"/>
</kw>
<kw name="FinishTests" type="TEARDOWN">
<kw name="Close Browser" library="SeleniumLibrary">
<doc>Closes the current browser.</doc>
<status status="PASS" starttime="20210606 02:00:47.438" endtime="20210606 02:00:47.515"/>
</kw>
<status status="PASS" starttime="20210606 02:00:47.437" endtime="20210606 02:00:47.515"/>
</kw>
<doc>Search for designer items resulting items should be 2 and accurate</doc>
<status status="FAIL" starttime="20210606 02:00:20.657" endtime="20210606 02:00:47.515">Several failures occurred:

1) as per given instructions resulting items should be 2: 6 != 2

2) Incorrect products displayed: WILD AND WOOLLY != Christian Sirano</status>
</test>
<status status="FAIL" starttime="20210606 01:59:03.524" endtime="20210606 02:00:47.517"/>
</suite>
<statistics>
<total>
<stat pass="0" fail="3" skip="0">All Tests</stat>
</total>
<tag>
</tag>
<suite>
<stat pass="0" fail="3" skip="0" id="s1" name="LoginTestCase">LoginTestCase</stat>
</suite>
</statistics>
<errors>
</errors>
</robot>
