<?xml version="1.0" encoding="UTF-8"?>
<robot generator="Robot 4.0.2 (Python 3.9.5 on darwin)" generated="20210523 22:37:20.415" rpa="false" schemaversion="2">
<suite id="s1" name="LoginTestCase" source="/Users/ahmadamir/PycharmProjects/RobotFrameWorkAutomation/TestCases/LoginTestCase.robot">
<test id="s1-t1" name="LoginTest">
<kw name="Open Browser" library="SeleniumLibrary">
<arg>${url}</arg>
<arg>${browser}</arg>
<doc>Opens a new browser instance to the optional ``url``.</doc>
<msg timestamp="20210523 22:37:20.520" level="INFO">Opening browser 'chrome' to base url 'https://www.ounass.ae/'.</msg>
<status status="PASS" starttime="20210523 22:37:20.520" endtime="20210523 22:37:28.623"/>
</kw>
<kw name="Wait Until Element Is Visible" library="SeleniumLibrary">
<arg>${dialogBoxCancel}</arg>
<doc>Waits until the element ``locator`` is visible.</doc>
<status status="PASS" starttime="20210523 22:37:28.624" endtime="20210523 22:37:31.292"/>
</kw>
<kw name="Click Button" library="SeleniumLibrary">
<arg>${dialogBoxCancel}</arg>
<doc>Clicks the button identified by ``locator``.</doc>
<msg timestamp="20210523 22:37:31.292" level="INFO">Clicking button 'id:wzrk-cancel'.</msg>
<status status="PASS" starttime="20210523 22:37:31.292" endtime="20210523 22:37:32.005"/>
</kw>
<kw name="Wait Until Element Is Visible" library="SeleniumLibrary">
<arg>${account}</arg>
<doc>Waits until the element ``locator`` is visible.</doc>
<status status="PASS" starttime="20210523 22:37:32.005" endtime="20210523 22:37:32.231"/>
</kw>
<kw name="Click Button" library="SeleniumLibrary">
<arg>${account}</arg>
<doc>Clicks the button identified by ``locator``.</doc>
<msg timestamp="20210523 22:37:32.232" level="INFO">Clicking button 'class:Popup-button'.</msg>
<status status="PASS" starttime="20210523 22:37:32.232" endtime="20210523 22:37:32.886"/>
</kw>
<kw name="Wait Until Element Is Visible" library="SeleniumLibrary">
<arg>${fbDiv}</arg>
<doc>Waits until the element ``locator`` is visible.</doc>
<status status="PASS" starttime="20210523 22:37:32.886" endtime="20210523 22:37:32.970"/>
</kw>
<kw name="Click Button" library="SeleniumLibrary">
<arg>${fbLogin}</arg>
<doc>Clicks the button identified by ``locator``.</doc>
<msg timestamp="20210523 22:37:32.971" level="INFO">Clicking button 'class:SignInThirdpartyButtons-facebookButton'.</msg>
<status status="PASS" starttime="20210523 22:37:32.971" endtime="20210523 22:37:33.067"/>
</kw>
<kw name="Wait Until Element Is Visible" library="SeleniumLibrary">
<arg>${fbPage}</arg>
<doc>Waits until the element ``locator`` is visible.</doc>
<status status="PASS" starttime="20210523 22:37:33.067" endtime="20210523 22:37:37.223"/>
</kw>
<kw name="Input Text" library="SeleniumLibrary">
<arg>${fbEmail}</arg>
<arg>samad@werplay.com</arg>
<doc>Types the given ``text`` into the text field identified by ``locator``.</doc>
<msg timestamp="20210523 22:37:37.224" level="INFO">Typing text 'samad@werplay.com' into text field 'id:email'.</msg>
<status status="PASS" starttime="20210523 22:37:37.224" endtime="20210523 22:37:37.518"/>
</kw>
<kw name="Input Text" library="SeleniumLibrary">
<arg>${fbPass}</arg>
<arg>werplayru55</arg>
<doc>Types the given ``text`` into the text field identified by ``locator``.</doc>
<msg timestamp="20210523 22:37:37.518" level="INFO">Typing text 'werplayru55' into text field 'id:pass'.</msg>
<status status="PASS" starttime="20210523 22:37:37.518" endtime="20210523 22:37:37.746"/>
</kw>
<kw name="Click Button" library="SeleniumLibrary">
<arg>${fbLoginBtn}</arg>
<doc>Clicks the button identified by ``locator``.</doc>
<msg timestamp="20210523 22:37:37.747" level="INFO">Clicking button 'id:loginbutton'.</msg>
<status status="PASS" starttime="20210523 22:37:37.747" endtime="20210523 22:37:38.801"/>
</kw>
<kw name="Wait Until Element Is Visible" library="SeleniumLibrary">
<arg>${mainDiv}</arg>
<doc>Waits until the element ``locator`` is visible.</doc>
<status status="PASS" starttime="20210523 22:37:38.801" endtime="20210523 22:37:50.566"/>
</kw>
<kw name="Mouse Over" library="SeleniumLibrary">
<arg>${accDiv}</arg>
<doc>Simulates hovering the mouse over the element ``locator``.</doc>
<msg timestamp="20210523 22:37:50.566" level="INFO">Simulating Mouse Over on element 'class:Popup-iconText'.</msg>
<status status="PASS" starttime="20210523 22:37:50.566" endtime="20210523 22:37:51.303"/>
</kw>
<kw name="Click Link" library="SeleniumLibrary">
<arg>${myAccount}</arg>
<doc>Clicks a link identified by ``locator``.</doc>
<msg timestamp="20210523 22:37:51.303" level="INFO">Clicking link 'My Account'.</msg>
<status status="PASS" starttime="20210523 22:37:51.303" endtime="20210523 22:38:01.566"/>
</kw>
<kw name="Wait Until Element Is Visible" library="SeleniumLibrary">
<arg>${accDetailsDiv}</arg>
<doc>Waits until the element ``locator`` is visible.</doc>
<status status="PASS" starttime="20210523 22:38:01.566" endtime="20210523 22:38:01.607"/>
</kw>
<kw name="Click Link" library="SeleniumLibrary">
<arg>${edit}</arg>
<doc>Clicks a link identified by ``locator``.</doc>
<msg timestamp="20210523 22:38:01.607" level="INFO">Clicking link 'Edit'.</msg>
<status status="PASS" starttime="20210523 22:38:01.607" endtime="20210523 22:38:08.724"/>
</kw>
<kw name="Wait Until Element Is Visible" library="SeleniumLibrary">
<arg>${emailDetails}</arg>
<doc>Waits until the element ``locator`` is visible.</doc>
<status status="PASS" starttime="20210523 22:38:08.724" endtime="20210523 22:38:08.746"/>
</kw>
<kw name="Element Should Be Disabled" library="SeleniumLibrary">
<arg>${emailDetails}</arg>
<doc>Verifies that element identified by ``locator`` is disabled.</doc>
<status status="PASS" starttime="20210523 22:38:08.746" endtime="20210523 22:38:08.756"/>
</kw>
<kw name="Close Browser" library="SeleniumLibrary">
<doc>Closes the current browser.</doc>
<status status="PASS" starttime="20210523 22:38:08.757" endtime="20210523 22:38:08.834"/>
</kw>
<status status="PASS" starttime="20210523 22:37:20.519" endtime="20210523 22:38:08.834"/>
</test>
<status status="PASS" starttime="20210523 22:37:20.415" endtime="20210523 22:38:08.835"/>
</suite>
<statistics>
<total>
<stat pass="1" fail="0" skip="0">All Tests</stat>
</total>
<tag>
</tag>
<suite>
<stat pass="1" fail="0" skip="0" id="s1" name="LoginTestCase">LoginTestCase</stat>
</suite>
</statistics>
<errors>
</errors>
</robot>
